{
  "RSpec": {
    "coverage": {
      "/Users/roryteam/Dropbox/trivia/app/models/user.rb": [
        1,
        1,
        1,
        null,
        null,
        1,
        null,
        null,
        1,
        null
      ],
      "/Users/roryteam/Dropbox/trivia/app/helpers/application_helper.rb": [
        1,
        null
      ],
      "/Users/roryteam/Dropbox/trivia/app/models/category.rb": [
        1,
        1,
        1,
        null
      ],
      "/Users/roryteam/Dropbox/trivia/app/models/trivia_fact.rb": [
        1,
        1,
        1,
        1,
        1,
        1,
        1,
        null,
        1,
        4,
        null,
        null,
        1,
        2,
        null,
        null
      ],
      "/Users/roryteam/Dropbox/trivia/app/models/voting.rb": [
        1,
        1,
        1,
        null
      ],
      "/Users/roryteam/Dropbox/trivia/app/controllers/trivia_facts_controller.rb": [
        1,
        1,
        6,
        null,
        null,
        1,
        6,
        6,
        null,
        null,
        1,
        3,
        null,
        null,
        1,
        3,
        3,
        1,
        1,
        null,
        2,
        null,
        null,
        null,
        1,
        3,
        null,
        null
      ],
      "/Users/roryteam/Dropbox/trivia/app/controllers/application_controller.rb": [
        1,
        null,
        null,
        1,
        null,
        1,
        null,
        1,
        null,
        1,
        12,
        null,
        null
      ],
      "/Users/roryteam/Dropbox/trivia/app/controllers/user_controller.rb": [
        1,
        1,
        null,
        null
      ],
      "/Users/roryteam/Dropbox/trivia/app/controllers/votings_controller.rb": [
        1,
        1,
        2,
        2,
        null,
        null,
        null,
        2,
        0,
        0,
        2,
        2,
        2,
        0,
        0,
        0,
        null,
        0,
        null,
        null,
        null,
        1,
        2,
        null,
        null
      ]
    },
    "timestamp": 1404736974
  }
}
